{
  "0 debug pnpm:scope": {
    "selected": 1
  },
  "1 error pnpm": {
    "errno": 1,
    "code": "ELIFECYCLE",
    "pkgid": "react-no-cra@1.0.0",
    "stage": "start",
    "script": "webpack-dev-server --mode development --open --hot",
    "pkgname": "react-no-cra",
    "err": {
      "name": "pnpm",
      "message": "react-no-cra@1.0.0 start: `webpack-dev-server --mode development --open --hot`\nExit status 1",
      "code": "ELIFECYCLE",
      "stack": "pnpm: react-no-cra@1.0.0 start: `webpack-dev-server --mode development --open --hot`\nExit status 1\n    at EventEmitter.<anonymous> (C:\\Users\\Dell\\AppData\\Roaming\\npm\\pnpm-global\\5\\node_modules\\.pnpm\\pnpm@6.32.6\\node_modules\\pnpm\\dist\\pnpm.cjs:105736:20)\n    at EventEmitter.emit (node:events:526:28)\n    at ChildProcess.<anonymous> (C:\\Users\\Dell\\AppData\\Roaming\\npm\\pnpm-global\\5\\node_modules\\.pnpm\\pnpm@6.32.6\\node_modules\\pnpm\\dist\\pnpm.cjs:92297:18)\n    at ChildProcess.emit (node:events:526:28)\n    at maybeClose (node:internal/child_process:1092:16)\n    at Process.ChildProcess._handle.onexit (node:internal/child_process:302:5)"
    }
  },
  "2 warn pnpm:global": " Local package.json exists, but node_modules missing, did you mean to install?"
}